<?xml version="1.0" encoding="UTF-8"?>
<!-- Generated by org.testng.reporters.JUnitReportReporter -->
<testsuite hostname="DESKTOP-JC9KBOP" failures="0" tests="2" name="webTest.sauseDemoTest" time="0.451" errors="0" timestamp="2023-12-06T20:12:22 OMST" skipped="0">
  <testcase classname="webTest.sauseDemoTest" name="logIn" time="0.356"/>
  <system-out/>
  <testcase classname="webTest.sauseDemoTest" name="addTocart" time="0.095"/>
  <system-out/>
</testsuite> <!-- webTest.sauseDemoTest -->
