<?xml version="1.0" encoding="UTF-8"?>
<!-- Generated by org.testng.reporters.JUnitReportReporter -->
<testsuite hostname="DESKTOP-JC9KBOP" failures="0" tests="1" name="webTest.sauseDemoTest" time="0.330" errors="0" timestamp="2023-12-06T19:51:39 OMST" skipped="0">
  <testcase classname="webTest.sauseDemoTest" name="logIn" time="0.330"/>
  <system-out/>
</testsuite> <!-- webTest.sauseDemoTest -->
