<?xml version="1.0" encoding="UTF-8"?>
<!-- Generated by org.testng.reporters.JUnitReportReporter -->
<testsuite hostname="DESKTOP-JC9KBOP" failures="0" tests="5" name="webTest.sauseDemoTest" time="0.906" errors="0" timestamp="2023-12-06T20:22:09 OMST" skipped="0">
  <testcase classname="webTest.sauseDemoTest" name="logIn" time="0.312"/>
  <system-out/>
  <testcase classname="webTest.sauseDemoTest" name="addTocart" time="0.111"/>
  <system-out/>
  <testcase classname="webTest.sauseDemoTest" name="viewProduct" time="0.077"/>
  <system-out/>
  <testcase classname="webTest.sauseDemoTest" name="checkOut" time="0.070"/>
  <system-out/>
  <testcase classname="webTest.sauseDemoTest" name="checkoutInfo" time="0.336"/>
  <system-out/>
</testsuite> <!-- webTest.sauseDemoTest -->
